2025-12-11 10:35:26,546 - __main__ - INFO - Starting data extraction pipeline
2025-12-11 10:35:26,547 - __main__ - INFO - Fetching Live_Delivery_Data (attempt 1/3)
2025-12-11 10:35:36,577 - __main__ - WARNING - Timeout while fetching Live_Delivery_Data - attempt 1/3
2025-12-11 10:35:36,577 - __main__ - INFO - Retrying Live_Delivery_Data in 2 seconds...
2025-12-11 10:35:38,578 - __main__ - INFO - Fetching Live_Delivery_Data (attempt 2/3)
2025-12-11 10:35:48,585 - __main__ - WARNING - Timeout while fetching Live_Delivery_Data - attempt 2/3
2025-12-11 10:35:48,586 - __main__ - INFO - Retrying Live_Delivery_Data in 2 seconds...
2025-12-11 10:35:50,586 - __main__ - INFO - Fetching Live_Delivery_Data (attempt 3/3)
2025-12-11 10:36:04,400 - __main__ - INFO - Starting data extraction pipeline
2025-12-11 10:36:04,400 - __main__ - INFO - Fetching Live_Delivery_Data (attempt 1/3)
2025-12-11 10:36:14,408 - __main__ - WARNING - Timeout while fetching Live_Delivery_Data - attempt 1/3
2025-12-11 10:36:14,409 - __main__ - INFO - Retrying Live_Delivery_Data in 2 seconds...
2025-12-11 10:36:16,410 - __main__ - INFO - Fetching Live_Delivery_Data (attempt 2/3)
2025-12-11 10:36:26,430 - __main__ - WARNING - Timeout while fetching Live_Delivery_Data - attempt 2/3
2025-12-11 10:36:26,430 - __main__ - INFO - Retrying Live_Delivery_Data in 2 seconds...
2025-12-11 10:36:28,431 - __main__ - INFO - Fetching Live_Delivery_Data (attempt 3/3)
2025-12-11 10:36:38,442 - __main__ - WARNING - Timeout while fetching Live_Delivery_Data - attempt 3/3
2025-12-11 10:36:38,443 - __main__ - ERROR - Failed to fetch Live_Delivery_Data after 3 retries
2025-12-11 10:36:38,443 - __main__ - INFO - Fetching Route_Traffic_Data (attempt 1/3)
2025-12-11 10:36:48,452 - __main__ - WARNING - Timeout while fetching Route_Traffic_Data - attempt 1/3
2025-12-11 10:36:48,453 - __main__ - INFO - Retrying Route_Traffic_Data in 2 seconds...
2025-12-11 10:36:50,454 - __main__ - INFO - Fetching Route_Traffic_Data (attempt 2/3)
2025-12-11 10:37:00,467 - __main__ - WARNING - Timeout while fetching Route_Traffic_Data - attempt 2/3
2025-12-11 10:37:00,468 - __main__ - INFO - Retrying Route_Traffic_Data in 2 seconds...
2025-12-11 10:37:02,469 - __main__ - INFO - Fetching Route_Traffic_Data (attempt 3/3)
2025-12-11 10:37:12,481 - __main__ - WARNING - Timeout while fetching Route_Traffic_Data - attempt 3/3
2025-12-11 10:37:12,481 - __main__ - ERROR - Failed to fetch Route_Traffic_Data after 3 retries
2025-12-11 10:37:12,482 - __main__ - INFO - Data extraction pipeline completed
2025-12-11 10:37:12,482 - __main__ - ERROR - Failed to fetch delivery data
2025-12-11 10:37:12,483 - __main__ - ERROR - Failed to fetch traffic data
2025-12-11 10:37:47,603 - __main__ - INFO - Starting data extraction pipeline
2025-12-11 10:37:47,604 - __main__ - WARNING - API_KEY is empty. Requests may be unauthorized (continuing without auth header).
2025-12-11 10:37:47,604 - __main__ - INFO - Fetching Live_Delivery_Data (attempt 1/3) -> https://api.example.com/deliveries/live
2025-12-11 10:37:57,624 - __main__ - WARNING - Timeout while fetching Live_Delivery_Data (attempt 1/3)
2025-12-11 10:37:57,624 - __main__ - INFO - Retrying Live_Delivery_Data in 2 seconds...
2025-12-11 10:37:59,625 - __main__ - INFO - Fetching Live_Delivery_Data (attempt 2/3) -> https://api.example.com/deliveries/live
2025-12-11 10:38:09,632 - __main__ - WARNING - Timeout while fetching Live_Delivery_Data (attempt 2/3)
2025-12-11 10:38:09,632 - __main__ - INFO - Retrying Live_Delivery_Data in 4 seconds...
2025-12-11 10:38:13,633 - __main__ - INFO - Fetching Live_Delivery_Data (attempt 3/3) -> https://api.example.com/deliveries/live
2025-12-11 10:38:23,651 - __main__ - WARNING - Timeout while fetching Live_Delivery_Data (attempt 3/3)
2025-12-11 10:38:23,651 - __main__ - ERROR - Failed to fetch Live_Delivery_Data after 3 attempts
2025-12-11 10:38:23,652 - __main__ - WARNING - API_KEY is empty. Requests may be unauthorized (continuing without auth header).
2025-12-11 10:38:23,652 - __main__ - INFO - Fetching Route_Traffic_Data (attempt 1/3) -> https://api.example.com/traffic/routes
2025-12-11 10:38:33,664 - __main__ - WARNING - Timeout while fetching Route_Traffic_Data (attempt 1/3)
2025-12-11 10:38:33,665 - __main__ - INFO - Retrying Route_Traffic_Data in 2 seconds...
2025-12-11 10:38:35,666 - __main__ - INFO - Fetching Route_Traffic_Data (attempt 2/3) -> https://api.example.com/traffic/routes
2025-12-11 10:38:45,688 - __main__ - WARNING - Timeout while fetching Route_Traffic_Data (attempt 2/3)
2025-12-11 10:38:45,688 - __main__ - INFO - Retrying Route_Traffic_Data in 4 seconds...
2025-12-11 10:38:49,689 - __main__ - INFO - Fetching Route_Traffic_Data (attempt 3/3) -> https://api.example.com/traffic/routes
2025-12-11 10:38:59,701 - __main__ - WARNING - Timeout while fetching Route_Traffic_Data (attempt 3/3)
2025-12-11 10:38:59,702 - __main__ - ERROR - Failed to fetch Route_Traffic_Data after 3 attempts
2025-12-11 10:38:59,702 - __main__ - INFO - Data extraction pipeline completed
2025-12-11 10:38:59,703 - __main__ - ERROR - Failed to fetch delivery data
2025-12-11 10:38:59,703 - __main__ - ERROR - Failed to fetch traffic data
2025-12-11 10:39:16,759 - __main__ - INFO - Starting data extraction pipeline
2025-12-11 10:39:16,759 - __main__ - WARNING - API_KEY is empty. Requests may be unauthorized (continuing without auth header).
2025-12-11 10:39:16,760 - __main__ - INFO - Fetching Live_Delivery_Data (attempt 1/3) -> https://api.swiftshipexpress.in/v1/deliveries/live
2025-12-11 10:39:16,804 - __main__ - WARNING - Connection error for Live_Delivery_Data (attempt 1/3): HTTPSConnectionPool(host='api.swiftshipexpress.in', port=443): Max retries exceeded with url: /v1/deliveries/live (Caused by NameResolutionError("<urllib3.connection.HTTPSConnection object at 0x0000027129683CB0>: Failed to resolve 'api.swiftshipexpress.in' ([Errno 11001] getaddrinfo failed)"))
2025-12-11 10:39:16,805 - __main__ - INFO - Retrying Live_Delivery_Data in 2 seconds...
2025-12-11 10:39:18,806 - __main__ - INFO - Fetching Live_Delivery_Data (attempt 2/3) -> https://api.swiftshipexpress.in/v1/deliveries/live
2025-12-11 10:39:18,808 - __main__ - WARNING - Connection error for Live_Delivery_Data (attempt 2/3): HTTPSConnectionPool(host='api.swiftshipexpress.in', port=443): Max retries exceeded with url: /v1/deliveries/live (Caused by NameResolutionError("<urllib3.connection.HTTPSConnection object at 0x0000027129784190>: Failed to resolve 'api.swiftshipexpress.in' ([Errno 11001] getaddrinfo failed)"))
2025-12-11 10:39:18,808 - __main__ - INFO - Retrying Live_Delivery_Data in 4 seconds...
2025-12-11 10:39:22,809 - __main__ - INFO - Fetching Live_Delivery_Data (attempt 3/3) -> https://api.swiftshipexpress.in/v1/deliveries/live
2025-12-11 10:39:22,831 - __main__ - WARNING - Connection error for Live_Delivery_Data (attempt 3/3): HTTPSConnectionPool(host='api.swiftshipexpress.in', port=443): Max retries exceeded with url: /v1/deliveries/live (Caused by NameResolutionError("<urllib3.connection.HTTPSConnection object at 0x0000027129784B90>: Failed to resolve 'api.swiftshipexpress.in' ([Errno 11001] getaddrinfo failed)"))
2025-12-11 10:39:22,831 - __main__ - ERROR - Failed to fetch Live_Delivery_Data after 3 attempts
2025-12-11 10:39:22,832 - __main__ - WARNING - API_KEY is empty. Requests may be unauthorized (continuing without auth header).
2025-12-11 10:39:22,833 - __main__ - INFO - Fetching Route_Traffic_Data (attempt 1/3) -> https://api.swiftshipexpress.in/v1/traffic/routes
2025-12-11 10:39:22,835 - __main__ - WARNING - Connection error for Route_Traffic_Data (attempt 1/3): HTTPSConnectionPool(host='api.swiftshipexpress.in', port=443): Max retries exceeded with url: /v1/traffic/routes (Caused by NameResolutionError("<urllib3.connection.HTTPSConnection object at 0x0000027129784F50>: Failed to resolve 'api.swiftshipexpress.in' ([Errno 11001] getaddrinfo failed)"))
2025-12-11 10:39:22,836 - __main__ - INFO - Retrying Route_Traffic_Data in 2 seconds...
2025-12-11 10:39:24,837 - __main__ - INFO - Fetching Route_Traffic_Data (attempt 2/3) -> https://api.swiftshipexpress.in/v1/traffic/routes
2025-12-11 10:39:24,839 - __main__ - WARNING - Connection error for Route_Traffic_Data (attempt 2/3): HTTPSConnectionPool(host='api.swiftshipexpress.in', port=443): Max retries exceeded with url: /v1/traffic/routes (Caused by NameResolutionError("<urllib3.connection.HTTPSConnection object at 0x0000027129785310>: Failed to resolve 'api.swiftshipexpress.in' ([Errno 11001] getaddrinfo failed)"))
2025-12-11 10:39:24,840 - __main__ - INFO - Retrying Route_Traffic_Data in 4 seconds...
2025-12-11 10:39:28,841 - __main__ - INFO - Fetching Route_Traffic_Data (attempt 3/3) -> https://api.swiftshipexpress.in/v1/traffic/routes
2025-12-11 10:39:29,067 - __main__ - WARNING - Connection error for Route_Traffic_Data (attempt 3/3): HTTPSConnectionPool(host='api.swiftshipexpress.in', port=443): Max retries exceeded with url: /v1/traffic/routes (Caused by NameResolutionError("<urllib3.connection.HTTPSConnection object at 0x00000271297856D0>: Failed to resolve 'api.swiftshipexpress.in' ([Errno 11001] getaddrinfo failed)"))
2025-12-11 10:39:29,068 - __main__ - ERROR - Failed to fetch Route_Traffic_Data after 3 attempts
2025-12-11 10:39:29,068 - __main__ - INFO - Data extraction pipeline completed
2025-12-11 10:39:29,068 - __main__ - ERROR - Failed to fetch delivery data
2025-12-11 10:39:29,069 - __main__ - ERROR - Failed to fetch traffic data
