2025-12-11 10:40:48,385 INFO etl.extract - Starting extract stage for SwiftShip Express
2025-12-11 10:40:48,386 INFO etl.extract - Fetching Live_Delivery_Data (attempt 1/3) -> https://api.swiftshipexpress.in/v1/deliveries/live
2025-12-11 10:40:48,473 WARNING etl.extract - Connection error fetching Live_Delivery_Data (attempt 1/3): HTTPSConnectionPool(host='api.swiftshipexpress.in', port=443): Max retries exceeded with url: /v1/deliveries/live (Caused by NameResolutionError("<urllib3.connection.HTTPSConnection object at 0x0000021DC0AEBB60>: Failed to resolve 'api.swiftshipexpress.in' ([Errno 11001] getaddrinfo failed)"))
2025-12-11 10:40:48,473 INFO etl.extract - Retrying Live_Delivery_Data in 2s (attempt 2/3)
2025-12-11 10:40:50,475 INFO etl.extract - Fetching Live_Delivery_Data (attempt 2/3) -> https://api.swiftshipexpress.in/v1/deliveries/live
2025-12-11 10:40:50,477 WARNING etl.extract - Connection error fetching Live_Delivery_Data (attempt 2/3): HTTPSConnectionPool(host='api.swiftshipexpress.in', port=443): Max retries exceeded with url: /v1/deliveries/live (Caused by NameResolutionError("<urllib3.connection.HTTPSConnection object at 0x0000021DC0AD7C50>: Failed to resolve 'api.swiftshipexpress.in' ([Errno 11001] getaddrinfo failed)"))
2025-12-11 10:40:50,478 INFO etl.extract - Retrying Live_Delivery_Data in 4s (attempt 3/3)
2025-12-11 10:40:54,480 INFO etl.extract - Fetching Live_Delivery_Data (attempt 3/3) -> https://api.swiftshipexpress.in/v1/deliveries/live
2025-12-11 10:40:54,650 WARNING etl.extract - Connection error fetching Live_Delivery_Data (attempt 3/3): HTTPSConnectionPool(host='api.swiftshipexpress.in', port=443): Max retries exceeded with url: /v1/deliveries/live (Caused by NameResolutionError("<urllib3.connection.HTTPSConnection object at 0x0000021DC0BE82D0>: Failed to resolve 'api.swiftshipexpress.in' ([Errno 11001] getaddrinfo failed)"))
2025-12-11 10:40:54,651 ERROR etl.extract - Failed to fetch Live_Delivery_Data after 3 attempts. Last error: connection_error: HTTPSConnectionPool(host='api.swiftshipexpress.in', port=443): Max retries exceeded with url: /v1/deliveries/live (Caused by NameResolutionError("<urllib3.connection.HTTPSConnection object at 0x0000021DC0BE82D0>: Failed to resolve 'api.swiftshipexpress.in' ([Errno 11001] getaddrinfo failed)"))
2025-12-11 10:40:54,651 ERROR etl.extract - No delivery data returned from API.
2025-12-11 10:40:54,651 INFO etl.extract - Fetching Route_Traffic_Data (attempt 1/3) -> https://api.swiftshipexpress.in/v1/traffic/routes
2025-12-11 10:40:54,652 WARNING etl.extract - Connection error fetching Route_Traffic_Data (attempt 1/3): HTTPSConnectionPool(host='api.swiftshipexpress.in', port=443): Max retries exceeded with url: /v1/traffic/routes (Caused by NameResolutionError("<urllib3.connection.HTTPSConnection object at 0x0000021DC0BE8690>: Failed to resolve 'api.swiftshipexpress.in' ([Errno 11001] getaddrinfo failed)"))
2025-12-11 10:40:54,653 INFO etl.extract - Retrying Route_Traffic_Data in 2s (attempt 2/3)
2025-12-11 10:40:56,654 INFO etl.extract - Fetching Route_Traffic_Data (attempt 2/3) -> https://api.swiftshipexpress.in/v1/traffic/routes
2025-12-11 10:40:56,655 WARNING etl.extract - Connection error fetching Route_Traffic_Data (attempt 2/3): HTTPSConnectionPool(host='api.swiftshipexpress.in', port=443): Max retries exceeded with url: /v1/traffic/routes (Caused by NameResolutionError("<urllib3.connection.HTTPSConnection object at 0x0000021DC0BE8A50>: Failed to resolve 'api.swiftshipexpress.in' ([Errno 11001] getaddrinfo failed)"))
2025-12-11 10:40:56,656 INFO etl.extract - Retrying Route_Traffic_Data in 4s (attempt 3/3)
2025-12-11 10:41:01,787 INFO etl.extract - Starting extract stage for SwiftShip Express
2025-12-11 10:41:01,789 INFO etl.extract - Fetching Live_Delivery_Data (attempt 1/3) -> https://api.swiftshipexpress.in/v1/deliveries/live
2025-12-11 10:41:01,822 WARNING etl.extract - Connection error fetching Live_Delivery_Data (attempt 1/3): HTTPSConnectionPool(host='api.swiftshipexpress.in', port=443): Max retries exceeded with url: /v1/deliveries/live (Caused by NameResolutionError("<urllib3.connection.HTTPSConnection object at 0x000001CA499A7B60>: Failed to resolve 'api.swiftshipexpress.in' ([Errno 11001] getaddrinfo failed)"))
2025-12-11 10:41:01,823 INFO etl.extract - Retrying Live_Delivery_Data in 2s (attempt 2/3)
2025-12-11 10:41:03,824 INFO etl.extract - Fetching Live_Delivery_Data (attempt 2/3) -> https://api.swiftshipexpress.in/v1/deliveries/live
2025-12-11 10:41:03,826 WARNING etl.extract - Connection error fetching Live_Delivery_Data (attempt 2/3): HTTPSConnectionPool(host='api.swiftshipexpress.in', port=443): Max retries exceeded with url: /v1/deliveries/live (Caused by NameResolutionError("<urllib3.connection.HTTPSConnection object at 0x000001CA49997C50>: Failed to resolve 'api.swiftshipexpress.in' ([Errno 11001] getaddrinfo failed)"))
2025-12-11 10:41:03,826 INFO etl.extract - Retrying Live_Delivery_Data in 4s (attempt 3/3)
2025-12-11 10:41:07,827 INFO etl.extract - Fetching Live_Delivery_Data (attempt 3/3) -> https://api.swiftshipexpress.in/v1/deliveries/live
2025-12-11 10:41:07,960 WARNING etl.extract - Connection error fetching Live_Delivery_Data (attempt 3/3): HTTPSConnectionPool(host='api.swiftshipexpress.in', port=443): Max retries exceeded with url: /v1/deliveries/live (Caused by NameResolutionError("<urllib3.connection.HTTPSConnection object at 0x000001CA49AA82D0>: Failed to resolve 'api.swiftshipexpress.in' ([Errno 11001] getaddrinfo failed)"))
2025-12-11 10:41:07,961 ERROR etl.extract - Failed to fetch Live_Delivery_Data after 3 attempts. Last error: connection_error: HTTPSConnectionPool(host='api.swiftshipexpress.in', port=443): Max retries exceeded with url: /v1/deliveries/live (Caused by NameResolutionError("<urllib3.connection.HTTPSConnection object at 0x000001CA49AA82D0>: Failed to resolve 'api.swiftshipexpress.in' ([Errno 11001] getaddrinfo failed)"))
2025-12-11 10:41:07,961 ERROR etl.extract - No delivery data returned from API.
2025-12-11 10:41:07,961 INFO etl.extract - Fetching Route_Traffic_Data (attempt 1/3) -> https://api.swiftshipexpress.in/v1/traffic/routes
2025-12-11 10:41:07,962 WARNING etl.extract - Connection error fetching Route_Traffic_Data (attempt 1/3): HTTPSConnectionPool(host='api.swiftshipexpress.in', port=443): Max retries exceeded with url: /v1/traffic/routes (Caused by NameResolutionError("<urllib3.connection.HTTPSConnection object at 0x000001CA49AA8690>: Failed to resolve 'api.swiftshipexpress.in' ([Errno 11001] getaddrinfo failed)"))
2025-12-11 10:41:07,963 INFO etl.extract - Retrying Route_Traffic_Data in 2s (attempt 2/3)
2025-12-11 10:41:09,963 INFO etl.extract - Fetching Route_Traffic_Data (attempt 2/3) -> https://api.swiftshipexpress.in/v1/traffic/routes
2025-12-11 10:41:09,967 WARNING etl.extract - Connection error fetching Route_Traffic_Data (attempt 2/3): HTTPSConnectionPool(host='api.swiftshipexpress.in', port=443): Max retries exceeded with url: /v1/traffic/routes (Caused by NameResolutionError("<urllib3.connection.HTTPSConnection object at 0x000001CA49AA8A50>: Failed to resolve 'api.swiftshipexpress.in' ([Errno 11001] getaddrinfo failed)"))
2025-12-11 10:41:09,967 INFO etl.extract - Retrying Route_Traffic_Data in 4s (attempt 3/3)
2025-12-11 10:41:13,968 INFO etl.extract - Fetching Route_Traffic_Data (attempt 3/3) -> https://api.swiftshipexpress.in/v1/traffic/routes
2025-12-11 10:41:14,004 WARNING etl.extract - Connection error fetching Route_Traffic_Data (attempt 3/3): HTTPSConnectionPool(host='api.swiftshipexpress.in', port=443): Max retries exceeded with url: /v1/traffic/routes (Caused by NameResolutionError("<urllib3.connection.HTTPSConnection object at 0x000001CA49AA8E10>: Failed to resolve 'api.swiftshipexpress.in' ([Errno 11001] getaddrinfo failed)"))
2025-12-11 10:41:14,004 ERROR etl.extract - Failed to fetch Route_Traffic_Data after 3 attempts. Last error: connection_error: HTTPSConnectionPool(host='api.swiftshipexpress.in', port=443): Max retries exceeded with url: /v1/traffic/routes (Caused by NameResolutionError("<urllib3.connection.HTTPSConnection object at 0x000001CA49AA8E10>: Failed to resolve 'api.swiftshipexpress.in' ([Errno 11001] getaddrinfo failed)"))
2025-12-11 10:41:14,005 ERROR etl.extract - No traffic data returned from API.
2025-12-11 10:41:14,005 INFO etl.extract - Completed extract stage
2025-12-11 10:41:14,005 ERROR etl.extract - Delivery data fetch failed.
2025-12-11 10:41:14,006 ERROR etl.extract - Traffic data fetch failed.
